Arguments: 
  /Users/sachinjadhav/.nvm/versions/node/v10.17.0/bin/node /usr/local/Cellar/yarn/1.19.1/libexec/bin/yarn.js

PATH: 
  /Users/sachinjadhav/.nvm/versions/node/v10.17.0/bin:~/Library/Android/sdk/platform-tools:/usr/local/bin:/usr/bin:/bin:/usr/sbin:/sbin:/Users/sachinjadhav/Library/Android/sdk/tools:/Users/sachinjadhav/Library/Android/sdk/platform-tools

Yarn version: 
  1.19.1

Node version: 
  10.17.0

Platform: 
  darwin x64

Trace: 
  Error: getaddrinfo ENOTFOUND registry.npmjs.org registry.npmjs.org:443
      at GetAddrInfoReqWrap.onlookup [as oncomplete] (dns.js:56:26)

npm manifest: 
  {
    "name": "sportin-backend",
    "version": "1.0.0",
    "description": "Backend API's for sporting app",
    "main": "index.js",
    "dependencies": {
      "@testing-library/jest-dom": "^4.2.4",
      "@testing-library/react": "^9.3.2",
      "@testing-library/user-event": "^7.1.2",
      "mongoose": "^5.8.3"
    },
    "devDependencies": {
      "autoprefixer": "^9.7.3",
      "body-parser": "^1.19.0",
      "express": "^4.17.1",
      "express-pino-logger": "^4.0.0",
      "node-env-run": "^3.0.2",
      "nodemon": "^2.0.2",
      "npm-run-all": "^4.1.5",
      "pino-colada": "^1.5.0",
      "postcss-cli": "^6.1.3"
      },
    "proxy": "http://localhost:3001",
    "scripts": {
      "start": "node index.js",
      "test": "echo \"Error: no test specified\" && exit 1"
    },
    "author": "",
    "license": "ISC"
  }

yarn manifest: 
  No manifest

Lockfile: 
  No lockfile
